<?xml version="1.0" encoding="UTF-8"?>
<!-- Generated by org.testng.reporters.JUnitXMLReporter -->
<testsuite hostname="CMATZ-53255" ignored="0" name="Command line test" tests="9" failures="0" timestamp="14 ago 2019 18:50:20 GMT" time="240.576" errors="0">
  <testcase name="IniciarSesion" time="9.026" classname="cl.tecnova.cal.tests.Test_Login_Trello_GC"/>
  <testcase name="IniciarSesionIncorrecto" time="3.449" classname="cl.tecnova.cal.tests.Test_Login_Trello_GC"/>
  <testcase name="CrearTabero" time="21.232" classname="cl.tecnova.cal.tests.Test_Login_Trello_GC"/>
  <testcase name="AbrirTableroValidacion" time="18.553" classname="cl.tecnova.cal.tests.Test_Login_Trello_GC"/>
  <testcase name="AgregarNuevaTarjeta" time="31.126" classname="cl.tecnova.cal.tests.Test_Login_Trello_GC"/>
  <testcase name="AgregarNuevaTarjetaValidacion" time="17.412" classname="cl.tecnova.cal.tests.Test_Login_Trello_GC"/>
  <testcase name="EditarListaDePrueba" time="38.271" classname="cl.tecnova.cal.tests.Test_Login_Trello_GC"/>
  <testcase name="MoverTarjeta" time="29.107" classname="cl.tecnova.cal.tests.Test_Login_Trello_GC"/>
  <testcase name="CerrarTablero" time="26.146" classname="cl.tecnova.cal.tests.Test_Login_Trello_GC"/>
</testsuite> <!-- Command line test -->
