<?xml version="1.0" encoding="UTF-8"?>
<!-- Generated by org.testng.reporters.JUnitXMLReporter -->
<testsuite hostname="CMATZ-53255" ignored="0" name="Command line test" tests="1" failures="1" timestamp="30 may 2019 14:24:48 GMT" time="5.907" errors="0">
  <testcase name="IniciarSesionIncorrecto" time="0.004" classname="cl.tecnova.cal.tests.Test_Login_Trello_GC">
    <failure type="java.lang.NullPointerException">
      <![CDATA[java.lang.NullPointerException
at cl.tecnova.cal.tests.Test_Login_Trello_Incorrecto.ValidacionesIncorreta(Test_Login_Trello_Incorrecto.java:58)
at cl.tecnova.cal.tests.Test_Login_Trello_GC.IniciarSesionIncorrecto(Test_Login_Trello_GC.java:66)
... Removed 35 stack frames]]>
    </failure>
  </testcase> <!-- IniciarSesionIncorrecto -->
</testsuite> <!-- Command line test -->
