<?xml version="1.0" encoding="UTF-8" ?>
<testsuite tests="1" failures="1" name="TestSuite" time="0.007" errors="0" skipped="0">
  <properties>
[...]
</properties>
  <testcase classname="cl.tecnova.cal.tests.Test_Login_Trello_GC" name="IniciarSesionIncorrecto" time="0.007">
    <failure type="java.lang.NullPointerException">java.lang.NullPointerException
	at cl.tecnova.cal.tests.Test_Login_Trello_Incorrecto.ValidacionesIncorreta(Test_Login_Trello_Incorrecto.java:58)
	at cl.tecnova.cal.tests.Test_Login_Trello_GC.IniciarSesionIncorrecto(Test_Login_Trello_GC.java:66)
</failure>
    <system-out>Configuring TestNG with: org.apache.maven.surefire.testng.conf.TestNG652Configurator@3c679bde
</system-out>
    <system-err>Starting ChromeDriver 74.0.3729.6 (255758eccf3d244491b8a1317aa76e1ce10d57e9-refs/branch-heads/3729@{#29}) on port 16188
Only local connections are allowed.
Please protect ports used by ChromeDriver and related test frameworks to prevent access by malicious code.
may 30, 2019 10:24:44 AM org.openqa.selenium.remote.ProtocolHandshake createSession
INFORMACIÓN: Detected dialect: OSS
</system-err>
  </testcase>
</testsuite>