-------------------------------------------------------------------------------
Test set: TestSuite
-------------------------------------------------------------------------------
Tests run: 1, Failures: 1, Errors: 0, Skipped: 0, Time elapsed: 6.864 sec <<< FAILURE!
IniciarSesionIncorrecto(cl.tecnova.cal.tests.Test_Login_Trello_GC)  Time elapsed: 0.007 sec  <<< FAILURE!
java.lang.NullPointerException
	at cl.tecnova.cal.tests.Test_Login_Trello_Incorrecto.ValidacionesIncorreta(Test_Login_Trello_Incorrecto.java:58)
	at cl.tecnova.cal.tests.Test_Login_Trello_GC.IniciarSesionIncorrecto(Test_Login_Trello_GC.java:66)

